In file included from C:/Users/makot/Desktop/ScoreBoradProject/MWSTAGE-2020-12_win10/MWSTAGE/MWSDK/TWENET/current/src/mwx/_tweltite.hpp:44:0,
                 from C:/Users/makot/Desktop/ScoreBoradProject/MWSTAGE-2020-12_win10/MWSTAGE/MWSDK/TWENET/current/src/mwx/twelite.hpp:6,
                 from C:/Users/makot/Desktop/ScoreBoradProject/MWSTAGE-2020-12_win10/MWSTAGE/MWSDK/TWENET/current/src/mwx/TWELITE:3,
                 from C:/Users/makot/Desktop/ScoreBoradProject/MWSTAGE-2020-12_win10/MWSTAGE/MWSDK/Act_samples/WirelessUart_receive/WirelessUart_receive.cpp:3:
C:/Users/makot/Desktop/ScoreBoradProject/MWSTAGE-2020-12_win10/MWSTAGE/MWSDK/TWENET/current/src/mwx/mwx_appdefs.hpp: In destructor 'mwx::L1::appdefs_virt::~appdefs_virt()':
C:/Users/makot/Desktop/ScoreBoradProject/MWSTAGE-2020-12_win10/MWSTAGE/MWSDK/TWENET/current/src/mwx/mwx_appdefs.hpp:45:23: warning: deleting 'void*' is undefined [enabled by default]
In file included from C:/Users/makot/Desktop/ScoreBoradProject/MWSTAGE-2020-12_win10/MWSTAGE/MWSDK/TWENET/current/src/mwx/NWK_SIMPLE:4:0,
                 from C:/Users/makot/Desktop/ScoreBoradProject/MWSTAGE-2020-12_win10/MWSTAGE/MWSDK/Act_samples/WirelessUart_receive/WirelessUart_receive.cpp:4:
C:/Users/makot/Desktop/ScoreBoradProject/MWSTAGE-2020-12_win10/MWSTAGE/MWSDK/TWENET/current/src/mwx/networks/mwx_nwk_simple.hpp: In member function 'mwx::L1::NwkSimple& mwx::L1::NwkSimple::operator<<(mwx::L1::NwkSimple::receive_nwkless_pkt&&)':
C:/Users/makot/Desktop/ScoreBoradProject/MWSTAGE-2020-12_win10/MWSTAGE/MWSDK/TWENET/current/src/mwx/networks/mwx_nwk_simple.hpp:193:82: warning: no return statement in function returning non-void [-Wreturn-type]
In file included from C:/Users/makot/Desktop/ScoreBoradProject/MWSTAGE-2020-12_win10/MWSTAGE/MWSDK/TWENET/current/src/mwx/mwx_appcore.cpp:27:0:
C:/Users/makot/Desktop/ScoreBoradProject/MWSTAGE-2020-12_win10/MWSTAGE/MWSDK/TWENET/current/src/mwx/mwx_appdefs.hpp: In destructor 'mwx::L1::appdefs_virt::~appdefs_virt()':
C:/Users/makot/Desktop/ScoreBoradProject/MWSTAGE-2020-12_win10/MWSTAGE/MWSDK/TWENET/current/src/mwx/mwx_appdefs.hpp:45:23: warning: deleting 'void*' is undefined [enabled by default]
In file included from C:/Users/makot/Desktop/ScoreBoradProject/MWSTAGE-2020-12_win10/MWSTAGE/MWSDK/TWENET/current/src/mwx/_tweltite.hpp:44:0,
                 from C:/Users/makot/Desktop/ScoreBoradProject/MWSTAGE-2020-12_win10/MWSTAGE/MWSDK/TWENET/current/src/mwx/mwx_duplicate_checker.cpp:5:
C:/Users/makot/Desktop/ScoreBoradProject/MWSTAGE-2020-12_win10/MWSTAGE/MWSDK/TWENET/current/src/mwx/mwx_appdefs.hpp: In destructor 'mwx::L1::appdefs_virt::~appdefs_virt()':
C:/Users/makot/Desktop/ScoreBoradProject/MWSTAGE-2020-12_win10/MWSTAGE/MWSDK/TWENET/current/src/mwx/mwx_appdefs.hpp:45:23: warning: deleting 'void*' is undefined [enabled by default]
In file included from C:/Users/makot/Desktop/ScoreBoradProject/MWSTAGE-2020-12_win10/MWSTAGE/MWSDK/TWENET/current/src/mwx/settings/../_tweltite.hpp:44:0,
                 from C:/Users/makot/Desktop/ScoreBoradProject/MWSTAGE-2020-12_win10/MWSTAGE/MWSDK/TWENET/current/src/mwx/settings/mwx_stgs_standard.hpp:6,
                 from C:/Users/makot/Desktop/ScoreBoradProject/MWSTAGE-2020-12_win10/MWSTAGE/MWSDK/TWENET/current/src/mwx/settings/mwx_stgs_standard.cpp:6:
C:/Users/makot/Desktop/ScoreBoradProject/MWSTAGE-2020-12_win10/MWSTAGE/MWSDK/TWENET/current/src/mwx/settings/../mwx_appdefs.hpp: In destructor 'mwx::L1::appdefs_virt::~appdefs_virt()':
C:/Users/makot/Desktop/ScoreBoradProject/MWSTAGE-2020-12_win10/MWSTAGE/MWSDK/TWENET/current/src/mwx/settings/../mwx_appdefs.hpp:45:23: warning: deleting 'void*' is undefined [enabled by default]
In file included from C:/Users/makot/Desktop/ScoreBoradProject/MWSTAGE-2020-12_win10/MWSTAGE/MWSDK/TWENET/current/src/mwx/_tweltite.hpp:44:0,
                 from C:/Users/makot/Desktop/ScoreBoradProject/MWSTAGE-2020-12_win10/MWSTAGE/MWSDK/TWENET/current/src/mwx/twelite.hpp:6,
                 from C:/Users/makot/Desktop/ScoreBoradProject/MWSTAGE-2020-12_win10/MWSTAGE/MWSDK/TWENET/current/src/mwx/TWELITE:3,
                 from C:/Users/makot/Desktop/ScoreBoradProject/MWSTAGE-2020-12_win10/MWSTAGE/MWSDK/TWENET/current/src/mwx/settings/mwx_stgs_standard_core.cpp:5:
C:/Users/makot/Desktop/ScoreBoradProject/MWSTAGE-2020-12_win10/MWSTAGE/MWSDK/TWENET/current/src/mwx/mwx_appdefs.hpp: In destructor 'mwx::L1::appdefs_virt::~appdefs_virt()':
C:/Users/makot/Desktop/ScoreBoradProject/MWSTAGE-2020-12_win10/MWSTAGE/MWSDK/TWENET/current/src/mwx/mwx_appdefs.hpp:45:23: warning: deleting 'void*' is undefined [enabled by default]
In file included from C:/Users/makot/Desktop/ScoreBoradProject/MWSTAGE-2020-12_win10/MWSTAGE/MWSDK/TWENET/current/src/mwx/boards/../_tweltite.hpp:44:0,
                 from C:/Users/makot/Desktop/ScoreBoradProject/MWSTAGE-2020-12_win10/MWSTAGE/MWSDK/TWENET/current/src/mwx/boards/mwx_brd_pal_amb.hpp:6,
                 from C:/Users/makot/Desktop/ScoreBoradProject/MWSTAGE-2020-12_win10/MWSTAGE/MWSDK/TWENET/current/src/mwx/boards/mwx_brd_pal_amb.cpp:6:
C:/Users/makot/Desktop/ScoreBoradProject/MWSTAGE-2020-12_win10/MWSTAGE/MWSDK/TWENET/current/src/mwx/boards/../mwx_appdefs.hpp: In destructor 'mwx::L1::appdefs_virt::~appdefs_virt()':
C:/Users/makot/Desktop/ScoreBoradProject/MWSTAGE-2020-12_win10/MWSTAGE/MWSDK/TWENET/current/src/mwx/boards/../mwx_appdefs.hpp:45:23: warning: deleting 'void*' is undefined [enabled by default]
In file included from C:/Users/makot/Desktop/ScoreBoradProject/MWSTAGE-2020-12_win10/MWSTAGE/MWSDK/TWENET/current/src/mwx/boards/../_tweltite.hpp:44:0,
                 from C:/Users/makot/Desktop/ScoreBoradProject/MWSTAGE-2020-12_win10/MWSTAGE/MWSDK/TWENET/current/src/mwx/boards/mwx_brd_pal_mot.hpp:6,
                 from C:/Users/makot/Desktop/ScoreBoradProject/MWSTAGE-2020-12_win10/MWSTAGE/MWSDK/TWENET/current/src/mwx/boards/mwx_brd_pal_mot.cpp:6:
C:/Users/makot/Desktop/ScoreBoradProject/MWSTAGE-2020-12_win10/MWSTAGE/MWSDK/TWENET/current/src/mwx/boards/../mwx_appdefs.hpp: In destructor 'mwx::L1::appdefs_virt::~appdefs_virt()':
C:/Users/makot/Desktop/ScoreBoradProject/MWSTAGE-2020-12_win10/MWSTAGE/MWSDK/TWENET/current/src/mwx/boards/../mwx_appdefs.hpp:45:23: warning: deleting 'void*' is undefined [enabled by default]
In file included from C:/Users/makot/Desktop/ScoreBoradProject/MWSTAGE-2020-12_win10/MWSTAGE/MWSDK/TWENET/current/src/mwx/boards/../_tweltite.hpp:44:0,
                 from C:/Users/makot/Desktop/ScoreBoradProject/MWSTAGE-2020-12_win10/MWSTAGE/MWSDK/TWENET/current/src/mwx/boards/mwx_brd_pal_mag.hpp:6,
                 from C:/Users/makot/Desktop/ScoreBoradProject/MWSTAGE-2020-12_win10/MWSTAGE/MWSDK/TWENET/current/src/mwx/boards/mwx_brd_pal_mag.cpp:6:
C:/Users/makot/Desktop/ScoreBoradProject/MWSTAGE-2020-12_win10/MWSTAGE/MWSDK/TWENET/current/src/mwx/boards/../mwx_appdefs.hpp: In destructor 'mwx::L1::appdefs_virt::~appdefs_virt()':
C:/Users/makot/Desktop/ScoreBoradProject/MWSTAGE-2020-12_win10/MWSTAGE/MWSDK/TWENET/current/src/mwx/boards/../mwx_appdefs.hpp:45:23: warning: deleting 'void*' is undefined [enabled by default]
In file included from C:/Users/makot/Desktop/ScoreBoradProject/MWSTAGE-2020-12_win10/MWSTAGE/MWSDK/TWENET/current/src/mwx/boards/../_tweltite.hpp:44:0,
                 from C:/Users/makot/Desktop/ScoreBoradProject/MWSTAGE-2020-12_win10/MWSTAGE/MWSDK/TWENET/current/src/mwx/boards/mwx_brd_pal_notice.hpp:6,
                 from C:/Users/makot/Desktop/ScoreBoradProject/MWSTAGE-2020-12_win10/MWSTAGE/MWSDK/TWENET/current/src/mwx/boards/mwx_brd_pal_notice.cpp:6:
C:/Users/makot/Desktop/ScoreBoradProject/MWSTAGE-2020-12_win10/MWSTAGE/MWSDK/TWENET/current/src/mwx/boards/../mwx_appdefs.hpp: In destructor 'mwx::L1::appdefs_virt::~appdefs_virt()':
C:/Users/makot/Desktop/ScoreBoradProject/MWSTAGE-2020-12_win10/MWSTAGE/MWSDK/TWENET/current/src/mwx/boards/../mwx_appdefs.hpp:45:23: warning: deleting 'void*' is undefined [enabled by default]
In file included from C:/Users/makot/Desktop/ScoreBoradProject/MWSTAGE-2020-12_win10/MWSTAGE/MWSDK/TWENET/current/src/mwx/boards/../_tweltite.hpp:44:0,
                 from C:/Users/makot/Desktop/ScoreBoradProject/MWSTAGE-2020-12_win10/MWSTAGE/MWSDK/TWENET/current/src/mwx/boards/mwx_brd_monostick.hpp:6,
                 from C:/Users/makot/Desktop/ScoreBoradProject/MWSTAGE-2020-12_win10/MWSTAGE/MWSDK/TWENET/current/src/mwx/boards/mwx_brd_monostick.cpp:6:
C:/Users/makot/Desktop/ScoreBoradProject/MWSTAGE-2020-12_win10/MWSTAGE/MWSDK/TWENET/current/src/mwx/boards/../mwx_appdefs.hpp: In destructor 'mwx::L1::appdefs_virt::~appdefs_virt()':
C:/Users/makot/Desktop/ScoreBoradProject/MWSTAGE-2020-12_win10/MWSTAGE/MWSDK/TWENET/current/src/mwx/boards/../mwx_appdefs.hpp:45:23: warning: deleting 'void*' is undefined [enabled by default]
In file included from C:/Users/makot/Desktop/ScoreBoradProject/MWSTAGE-2020-12_win10/MWSTAGE/MWSDK/TWENET/current/src/mwx/boards/../_tweltite.hpp:44:0,
                 from C:/Users/makot/Desktop/ScoreBoradProject/MWSTAGE-2020-12_win10/MWSTAGE/MWSDK/TWENET/current/src/mwx/boards/mwx_brd_app_twelite.hpp:6,
                 from C:/Users/makot/Desktop/ScoreBoradProject/MWSTAGE-2020-12_win10/MWSTAGE/MWSDK/TWENET/current/src/mwx/boards/mwx_brd_app_twelite.cpp:6:
C:/Users/makot/Desktop/ScoreBoradProject/MWSTAGE-2020-12_win10/MWSTAGE/MWSDK/TWENET/current/src/mwx/boards/../mwx_appdefs.hpp: In destructor 'mwx::L1::appdefs_virt::~appdefs_virt()':
C:/Users/makot/Desktop/ScoreBoradProject/MWSTAGE-2020-12_win10/MWSTAGE/MWSDK/TWENET/current/src/mwx/boards/../mwx_appdefs.hpp:45:23: warning: deleting 'void*' is undefined [enabled by default]
In file included from C:/Users/makot/Desktop/ScoreBoradProject/MWSTAGE-2020-12_win10/MWSTAGE/MWSDK/TWENET/current/src/mwx/boards/../_tweltite.hpp:44:0,
                 from C:/Users/makot/Desktop/ScoreBoradProject/MWSTAGE-2020-12_win10/MWSTAGE/MWSDK/TWENET/current/src/mwx/boards/mwx_brd_cue.hpp:6,
                 from C:/Users/makot/Desktop/ScoreBoradProject/MWSTAGE-2020-12_win10/MWSTAGE/MWSDK/TWENET/current/src/mwx/boards/mwx_brd_cue.cpp:6:
C:/Users/makot/Desktop/ScoreBoradProject/MWSTAGE-2020-12_win10/MWSTAGE/MWSDK/TWENET/current/src/mwx/boards/../mwx_appdefs.hpp: In destructor 'mwx::L1::appdefs_virt::~appdefs_virt()':
C:/Users/makot/Desktop/ScoreBoradProject/MWSTAGE-2020-12_win10/MWSTAGE/MWSDK/TWENET/current/src/mwx/boards/../mwx_appdefs.hpp:45:23: warning: deleting 'void*' is undefined [enabled by default]
In file included from C:/Users/makot/Desktop/ScoreBoradProject/MWSTAGE-2020-12_win10/MWSTAGE/MWSDK/TWENET/current/src/mwx/networks/../_tweltite.hpp:44:0,
                 from C:/Users/makot/Desktop/ScoreBoradProject/MWSTAGE-2020-12_win10/MWSTAGE/MWSDK/TWENET/current/src/mwx/networks/mwx_nwk_simple.hpp:6,
                 from C:/Users/makot/Desktop/ScoreBoradProject/MWSTAGE-2020-12_win10/MWSTAGE/MWSDK/TWENET/current/src/mwx/networks/mwx_nwk_simple.cpp:11:
C:/Users/makot/Desktop/ScoreBoradProject/MWSTAGE-2020-12_win10/MWSTAGE/MWSDK/TWENET/current/src/mwx/networks/../mwx_appdefs.hpp: In destructor 'mwx::L1::appdefs_virt::~appdefs_virt()':
C:/Users/makot/Desktop/ScoreBoradProject/MWSTAGE-2020-12_win10/MWSTAGE/MWSDK/TWENET/current/src/mwx/networks/../mwx_appdefs.hpp:45:23: warning: deleting 'void*' is undefined [enabled by default]
In file included from C:/Users/makot/Desktop/ScoreBoradProject/MWSTAGE-2020-12_win10/MWSTAGE/MWSDK/TWENET/current/src/mwx/networks/mwx_nwk_simple.cpp:11:0:
C:/Users/makot/Desktop/ScoreBoradProject/MWSTAGE-2020-12_win10/MWSTAGE/MWSDK/TWENET/current/src/mwx/networks/mwx_nwk_simple.hpp: In member function 'mwx::L1::NwkSimple& mwx::L1::NwkSimple::operator<<(mwx::L1::NwkSimple::receive_nwkless_pkt&&)':
C:/Users/makot/Desktop/ScoreBoradProject/MWSTAGE-2020-12_win10/MWSTAGE/MWSDK/TWENET/current/src/mwx/networks/mwx_nwk_simple.hpp:193:82: warning: no return statement in function returning non-void [-Wreturn-type]
In file included from C:/Users/makot/Desktop/ScoreBoradProject/MWSTAGE-2020-12_win10/MWSTAGE/MWSDK/TWENET/current/src/mwx/sensors/legacy/../../_tweltite.hpp:44:0,
                 from C:/Users/makot/Desktop/ScoreBoradProject/MWSTAGE-2020-12_win10/MWSTAGE/MWSDK/TWENET/current/src/mwx/sensors/legacy/probe.cpp:5:
C:/Users/makot/Desktop/ScoreBoradProject/MWSTAGE-2020-12_win10/MWSTAGE/MWSDK/TWENET/current/src/mwx/sensors/legacy/../../mwx_appdefs.hpp: In destructor 'mwx::L1::appdefs_virt::~appdefs_virt()':
C:/Users/makot/Desktop/ScoreBoradProject/MWSTAGE-2020-12_win10/MWSTAGE/MWSDK/TWENET/current/src/mwx/sensors/legacy/../../mwx_appdefs.hpp:45:23: warning: deleting 'void*' is undefined [enabled by default]
In file included from C:/Users/makot/Desktop/ScoreBoradProject/MWSTAGE-2020-12_win10/MWSTAGE/MWSDK/TWENET/current/src/mwx/_tweltite.hpp:44:0,
                 from C:/Users/makot/Desktop/ScoreBoradProject/MWSTAGE-2020-12_win10/MWSTAGE/MWSDK/TWENET/current/src/mwx/twelite.hpp:6,
                 from C:/Users/makot/Desktop/ScoreBoradProject/MWSTAGE-2020-12_win10/MWSTAGE/MWSDK/TWENET/current/src/mwx/TWELITE:3,
                 from C:/Users/makot/Desktop/ScoreBoradProject/MWSTAGE-2020-12_win10/MWSTAGE/MWSDK/TWENET/current/src/mwx/sensors/mwx_sns_MC3630.cpp:5:
C:/Users/makot/Desktop/ScoreBoradProject/MWSTAGE-2020-12_win10/MWSTAGE/MWSDK/TWENET/current/src/mwx/mwx_appdefs.hpp: In destructor 'mwx::L1::appdefs_virt::~appdefs_virt()':
C:/Users/makot/Desktop/ScoreBoradProject/MWSTAGE-2020-12_win10/MWSTAGE/MWSDK/TWENET/current/src/mwx/mwx_appdefs.hpp:45:23: warning: deleting 'void*' is undefined [enabled by default]
In file included from C:/Users/makot/Desktop/ScoreBoradProject/MWSTAGE-2020-12_win10/MWSTAGE/MWSDK/TWENET/current/src/mwx/_tweltite.hpp:44:0,
                 from C:/Users/makot/Desktop/ScoreBoradProject/MWSTAGE-2020-12_win10/MWSTAGE/MWSDK/TWENET/current/src/mwx/twelite.hpp:6,
                 from C:/Users/makot/Desktop/ScoreBoradProject/MWSTAGE-2020-12_win10/MWSTAGE/MWSDK/TWENET/current/src/mwx/TWELITE:3,
                 from C:/Users/makot/Desktop/ScoreBoradProject/MWSTAGE-2020-12_win10/MWSTAGE/MWSDK/TWENET/current/src/mwx/sensors/mwx_sns_PCA9632.cpp:5:
C:/Users/makot/Desktop/ScoreBoradProject/MWSTAGE-2020-12_win10/MWSTAGE/MWSDK/TWENET/current/src/mwx/mwx_appdefs.hpp: In destructor 'mwx::L1::appdefs_virt::~appdefs_virt()':
C:/Users/makot/Desktop/ScoreBoradProject/MWSTAGE-2020-12_win10/MWSTAGE/MWSDK/TWENET/current/src/mwx/mwx_appdefs.hpp:45:23: warning: deleting 'void*' is undefined [enabled by default]
